#
# There is insufficient memory for the Java Runtime Environment to continue.
# Native memory allocation (malloc) failed to allocate 32744 bytes for ChunkPool::allocate
# Possible reasons:
#   The system is out of physical RAM or swap space
#   In 32 bit mode, the process size limit was hit
# Possible solutions:
#   Reduce memory load on the system
#   Increase physical memory or swap space
#   Check if swap backing store is full
#   Use 64 bit Java on a 64 bit OS
#   Decrease Java heap size (-Xmx/-Xms)
#   Decrease number of Java threads
#   Decrease Java thread stack sizes (-Xss)
#   Set larger code cache with -XX:ReservedCodeCacheSize=
# This output file may be truncated or incomplete.
#
#  Out of Memory Error (allocation.cpp:273), pid=9228, tid=14188
#
# JRE version: Java(TM) SE Runtime Environment (8.0_65-b17) (build 1.8.0_65-b17)
# Java VM: Java HotSpot(TM) 64-Bit Server VM (25.65-b01 mixed mode windows-amd64 compressed oops)
# Failed to write core dump. Minidumps are not enabled by default on client versions of Windows
#

---------------  T H R E A D  ---------------

Current thread (0x000000001e07f000):  JavaThread "C2 CompilerThread1" daemon [_thread_in_native, id=14188, stack(0x000000001e750000,0x000000001e850000)]

Stack: [0x000000001e750000,0x000000001e850000]
[error occurred during error reporting (printing stack bounds), id 0xc0000005]

Native frames: (J=compiled Java code, j=interpreted, Vv=VM code, C=native code)


Current CompileTask:
C2:1522053  433  s    4       sun.java2d.loops.GraphicsPrimitive::makeUniqueID (26 bytes)


---------------  P R O C E S S  ---------------

Java Threads: ( => current thread )
  0x000000001eeb5800 JavaThread "D3D Screen Updater" daemon [_thread_blocked, id=5480, stack(0x00000000259e0000,0x0000000025ae0000)]
  0x000000001ee4e800 JavaThread "AWT-EventQueue-0" [_thread_in_native, id=13184, stack(0x00000000254e0000,0x00000000255e0000)]
  0x000000001ed69000 JavaThread "AWT-Windows" daemon [_thread_in_native, id=9412, stack(0x000000001f7b0000,0x000000001f8b0000)]
  0x000000001ed65800 JavaThread "AWT-Shutdown" [_thread_blocked, id=14888, stack(0x000000001f6b0000,0x000000001f7b0000)]
  0x000000001ed64800 JavaThread "Java2D Disposer" daemon [_thread_blocked, id=14460, stack(0x000000001f530000,0x000000001f630000)]
  0x000000001e0a8000 JavaThread "Service Thread" daemon [_thread_blocked, id=14204, stack(0x000000001ea50000,0x000000001eb50000)]
  0x000000001e087000 JavaThread "C1 CompilerThread3" daemon [_thread_blocked, id=8064, stack(0x000000001e950000,0x000000001ea50000)]
  0x000000001e083800 JavaThread "C2 CompilerThread2" daemon [_thread_blocked, id=12772, stack(0x000000001e850000,0x000000001e950000)]
=>0x000000001e07f000 JavaThread "C2 CompilerThread1" daemon [_thread_in_native, id=14188, stack(0x000000001e750000,0x000000001e850000)]
  0x000000001e07b800 JavaThread "C2 CompilerThread0" daemon [_thread_blocked, id=3612, stack(0x000000001e650000,0x000000001e750000)]
  0x000000001e077000 JavaThread "Attach Listener" daemon [_thread_blocked, id=4396, stack(0x000000001e550000,0x000000001e650000)]
  0x000000001e076800 JavaThread "Signal Dispatcher" daemon [_thread_blocked, id=15348, stack(0x000000001e450000,0x000000001e550000)]
  0x00000000024ea800 JavaThread "Finalizer" daemon [_thread_blocked, id=13920, stack(0x000000001de70000,0x000000001df70000)]
  0x00000000024e4000 JavaThread "Reference Handler" daemon [_thread_blocked, id=7084, stack(0x000000001dd70000,0x000000001de70000)]
  0x000000000220e000 JavaThread "main" [_thread_blocked, id=13484, stack(0x00000000022f0000,0x00000000023f0000)]

Other Threads:
  0x000000001bf99000 VMThread [stack: 0x000000001dc70000,0x000000001dd70000] [id=13008]
  0x000000001e135000 WatcherThread [stack: 0x000000001eb50000,0x000000001ec50000] [id=11252]

VM state:not at safepoint (normal execution)

VM Mutex/Monitor currently owned by a thread: None

Heap:
 PSYoungGen      total 76288K, used 25060K [0x000000076af00000, 0x0000000770400000, 0x00000007c0000000)
  eden space 65536K, 38% used [0x000000076af00000,0x000000076c7790f8,0x000000076ef00000)
  from space 10752K, 0% used [0x000000076f980000,0x000000076f980000,0x0000000770400000)
  to   space 10752K, 0% used [0x000000076ef00000,0x000000076ef00000,0x000000076f980000)
 ParOldGen       total 175104K, used 0K [0x00000006c0c00000, 0x00000006cb700000, 0x000000076af00000)
  object space 175104K, 0% used [0x00000006c0c00000,0x00000006c0c00000,0x00000006cb700000)
 Metaspace       used 9729K, capacity 9942K, committed 10240K, reserved 1058816K
  class space    used 1084K, capacity 1157K, committed 1280K, reserved 1048576K

Card table byte_map: [0x00000000118b0000,0x00000000120b0000] byte_map_base: 0x000000000e2aa000

Marking Bits: (ParMarkBitMap*) 0x0000000055f5a5b0
 Begin Bits: [0x0000000012e10000, 0x0000000016de0000)
 End Bits:   [0x0000000016de0000, 0x000000001adb0000)

Polling page: 0x0000000000990000

CodeCache: size=245760Kb used=2290Kb max_used=2292Kb free=243469Kb
 bounds [0x00000000024f0000, 0x0000000002760000, 0x00000000114f0000]
 total_blobs=900 nmethods=433 adapters=380
 compilation: enabled

Compilation events (10 events):
Event: 1521.577 Thread 0x000000001e087000  428       1       java.util.concurrent.locks.AbstractOwnableSynchronizer::getExclusiveOwnerThread (5 bytes)
Event: 1521.577 Thread 0x000000001e087000 nmethod 428 0x000000000272c210 code [0x000000000272c360, 0x000000000272c470]
Event: 1521.592 Thread 0x000000001e087000  429       1       java.util.concurrent.locks.AbstractQueuedSynchronizer::getState (5 bytes)
Event: 1521.592 Thread 0x000000001e087000 nmethod 429 0x000000000272bf50 code [0x000000000272c0a0, 0x000000000272c1b0]
Event: 1521.598 Thread 0x000000001e087000  430       3       java.lang.ref.WeakReference::<init> (7 bytes)
Event: 1521.598 Thread 0x000000001e087000 nmethod 430 0x000000000272ba50 code [0x000000000272bbc0, 0x000000000272be70]
Event: 1521.601 Thread 0x000000001e087000  431       3       java.util.concurrent.locks.AbstractOwnableSynchronizer::setExclusiveOwnerThread (6 bytes)
Event: 1521.602 Thread 0x000000001e087000 nmethod 431 0x000000000272b710 code [0x000000000272b860, 0x000000000272b9d0]
Event: 1521.618 Thread 0x000000001e07f000  433  s    4       sun.java2d.loops.GraphicsPrimitive::makeUniqueID (26 bytes)
Event: 1521.618 Thread 0x000000001e087000  434  s    3       sun.java2d.loops.GraphicsPrimitiveMgr::locatePrim (96 bytes)

GC Heap History (0 events):
No events

Deoptimization events (3 events):
Event: 0.275 Thread 0x000000001ee9a800 Uncommon trap: reason=unstable_if action=reinterpret pc=0x00000000026b1528 method=java.io.BufferedInputStream.read()I @ 8
Event: 0.290 Thread 0x000000001ee9a800 Uncommon trap: reason=unstable_if action=reinterpret pc=0x00000000026b452c method=processing.core.PApplet.loadBytes(Ljava/io/InputStream;)[B @ 37
Event: 1521.570 Thread 0x000000001eeb5800 Uncommon trap: reason=unstable_if action=reinterpret pc=0x000000000272a670 method=java.util.ArrayList.toArray([Ljava/lang/Object;)[Ljava/lang/Object; @ 6

Internal exceptions (10 events):
Event: 0.076 Thread 0x000000000220e000 Exception <a 'java/security/PrivilegedActionException'> (0x000000076b01d280) thrown at [C:\workspace\8-2-build-windows-amd64-cygwin\jdk8u65\4987\hotspot\src\share\vm\prims\jvm.cpp, line 1386]
Event: 0.076 Thread 0x000000000220e000 Exception <a 'java/security/PrivilegedActionException'> (0x000000076b0210c8) thrown at [C:\workspace\8-2-build-windows-amd64-cygwin\jdk8u65\4987\hotspot\src\share\vm\prims\jvm.cpp, line 1386]
Event: 0.076 Thread 0x000000000220e000 Exception <a 'java/security/PrivilegedActionException'> (0x000000076b0212d8) thrown at [C:\workspace\8-2-build-windows-amd64-cygwin\jdk8u65\4987\hotspot\src\share\vm\prims\jvm.cpp, line 1386]
Event: 0.079 Thread 0x000000000220e000 Exception <a 'java/io/FileNotFoundException'> (0x000000076b023740) thrown at [C:\workspace\8-2-build-windows-amd64-cygwin\jdk8u65\4987\hotspot\src\share\vm\prims\jni.cpp, line 709]
Event: 0.101 Thread 0x000000000220e000 Exception <a 'java/lang/NoSuchFieldError': method resolution failed> (0x000000076b3803b8) thrown at [C:\workspace\8-2-build-windows-amd64-cygwin\jdk8u65\4987\hotspot\src\share\vm\prims\methodHandles.cpp, line 1146]
Event: 0.102 Thread 0x000000000220e000 Exception <a 'java/lang/NoSuchFieldError': method resolution failed> (0x000000076b38d708) thrown at [C:\workspace\8-2-build-windows-amd64-cygwin\jdk8u65\4987\hotspot\src\share\vm\prims\methodHandles.cpp, line 1146]
Event: 0.124 Thread 0x000000000220e000 Exception <a 'java/io/FileNotFoundException'> (0x000000076b416b98) thrown at [C:\workspace\8-2-build-windows-amd64-cygwin\jdk8u65\4987\hotspot\src\share\vm\prims\jni.cpp, line 709]
Event: 0.258 Thread 0x000000000220e000 Exception <a 'java/lang/NullPointerException'> (0x000000076b7de4a8) thrown at [C:\workspace\8-2-build-windows-amd64-cygwin\jdk8u65\4987\hotspot\src\share\vm\interpreter\linkResolver.cpp, line 1280]
Event: 0.271 Thread 0x000000001ee9a800 Exception <a 'java/io/FileNotFoundException'> (0x000000076bbe7450) thrown at [C:\workspace\8-2-build-windows-amd64-cygwin\jdk8u65\4987\hotspot\src\share\vm\prims\jni.cpp, line 709]
Event: 0.349 Thread 0x000000001ee9a800 Exception <a 'java/lang/ClassCastException': org.json.simple.JSONObject cannot be cast to processing.data.JSONObject> (0x000000076c4f95b8) thrown at [C:\workspace\8-2-build-windows-amd64-cygwin\jdk8u65\4987\hotspot\src\share\vm\interpreter\interpreterRuntiÎ%LSd³?

Events (10 events):
Event: 1521.207 loading class sun/awt/windows/WToolkit$3 done
Event: 1521.207 loading class java/util/WeakHashMap$KeyIterator
Event: 1521.208 loading class java/util/WeakHashMap$HashIterator
Event: 1521.208 loading class java/util/WeakHashMap$HashIterator done
Event: 1521.208 loading class java/util/WeakHashMap$KeyIterator done
Event: 1521.541 loading class javax/swing/RepaintManager$DisplayChangedRunnable
Event: 1521.541 loading class javax/swing/RepaintManager$DisplayChangedRunnable done
Event: 1521.570 Thread 0x000000001eeb5800 Uncommon trap: trap_request=0xffffff65 fr.pc=0x000000000272a670
Event: 1521.570 Thread 0x000000001eeb5800 DEOPT PACKING pc=0x000000000272a670 sp=0x0000000025adee30
Event: 1521.570 Thread 0x000000001eeb5800 DEOPT UNPACKING pc=0x000000000253582a sp=0x0000000025adee20 mode 2


Dynamic libraries:
0x00007ff77af10000 - 0x00007ff77af47000 	C:\Program Files\Java\jdk1.8.0_65\bin\java.exe
0x00007ff957b80000 - 0x00007ff957d41000 	C:\WINDOWS\SYSTEM32\ntdll.dll
0x00007ff9553c0000 - 0x00007ff95546d000 	C:\WINDOWS\system32\KERNEL32.DLL
0x00007ff954a40000 - 0x00007ff954c28000 	C:\WINDOWS\system32\KERNELBASE.dll
0x00007ff955310000 - 0x00007ff9553b7000 	C:\WINDOWS\system32\ADVAPI32.dll
0x00007ff955750000 - 0x00007ff9557ed000 	C:\WINDOWS\system32\msvcrt.dll
0x00007ff955f30000 - 0x00007ff955f8b000 	C:\WINDOWS\system32\sechost.dll
0x00007ff9551f0000 - 0x00007ff95530c000 	C:\WINDOWS\system32\RPCRT4.dll
0x00007ff955060000 - 0x00007ff9551b6000 	C:\WINDOWS\system32\USER32.dll
0x00007ff955f90000 - 0x00007ff956116000 	C:\WINDOWS\system32\GDI32.dll
0x00007ff93fce0000 - 0x00007ff93ff54000 	C:\WINDOWS\WinSxS\amd64_microsoft.windows.common-controls_6595b64144ccf1df_6.0.10586.0_none_8c15ae12515e1c22\COMCTL32.dll
0x00007ff9563a0000 - 0x00007ff95661d000 	C:\WINDOWS\system32\combase.dll
0x00007ff954ec0000 - 0x00007ff954f2a000 	C:\WINDOWS\system32\bcryptPrimitives.dll
0x00007ff955ef0000 - 0x00007ff955f2b000 	C:\WINDOWS\system32\IMM32.DLL
0x0000000058ac0000 - 0x0000000058b92000 	C:\Program Files\Java\jdk1.8.0_65\jre\bin\msvcr100.dll
0x0000000055750000 - 0x0000000055fd9000 	C:\Program Files\Java\jdk1.8.0_65\jre\bin\server\jvm.dll
0x00007ff956120000 - 0x00007ff956128000 	C:\WINDOWS\system32\PSAPI.DLL
0x00007ff942eb0000 - 0x00007ff942eb9000 	C:\WINDOWS\SYSTEM32\WSOCK32.dll
0x00007ff94e510000 - 0x00007ff94e51a000 	C:\WINDOWS\SYSTEM32\VERSION.dll
0x00007ff952640000 - 0x00007ff952663000 	C:\WINDOWS\SYSTEM32\WINMM.dll
0x00007ff955c20000 - 0x00007ff955c8b000 	C:\WINDOWS\system32\WS2_32.dll
0x0000000002100000 - 0x000000000212c000 	C:\WINDOWS\SYSTEM32\WINMMBASE.dll
0x00007ff954f30000 - 0x00007ff954f73000 	C:\WINDOWS\system32\cfgmgr32.dll
0x0000000058a70000 - 0x0000000058a7f000 	C:\Program Files\Java\jdk1.8.0_65\jre\bin\verify.dll
0x0000000058a40000 - 0x0000000058a69000 	C:\Program Files\Java\jdk1.8.0_65\jre\bin\java.dll
0x0000000058a20000 - 0x0000000058a36000 	C:\Program Files\Java\jdk1.8.0_65\jre\bin\zip.dll
0x00007ff956620000 - 0x00007ff957b7c000 	C:\WINDOWS\system32\SHELL32.dll
0x00007ff954390000 - 0x00007ff9549d5000 	C:\WINDOWS\system32\windows.storage.dll
0x00007ff955c90000 - 0x00007ff955ce2000 	C:\WINDOWS\system32\shlwapi.dll
0x00007ff954210000 - 0x00007ff95421f000 	C:\WINDOWS\system32\kernel.appcore.dll
0x00007ff954c30000 - 0x00007ff954ce5000 	C:\WINDOWS\system32\shcore.dll
0x00007ff9541a0000 - 0x00007ff9541eb000 	C:\WINDOWS\system32\powrprof.dll
0x00007ff9541f0000 - 0x00007ff954204000 	C:\WINDOWS\system32\profapi.dll
0x00000000555b0000 - 0x0000000055748000 	C:\Program Files\Java\jdk1.8.0_65\jre\bin\awt.dll
0x00007ff955680000 - 0x00007ff955741000 	C:\WINDOWS\system32\OLEAUT32.dll
0x00007ff952990000 - 0x00007ff952a09000 	C:\WINDOWS\system32\apphelp.dll
0x00007ff951630000 - 0x00007ff951652000 	C:\WINDOWS\system32\DWMAPI.DLL
0x00007ff952ab0000 - 0x00007ff952b46000 	C:\WINDOWS\system32\uxtheme.dll
0x00007ff956130000 - 0x00007ff95628a000 	C:\WINDOWS\system32\MSCTF.dll
0x00007ff955cf0000 - 0x00007ff955e33000 	C:\WINDOWS\system32\ole32.dll
0x00007ff92d360000 - 0x00007ff92d570000 	C:\WINDOWS\system32\d3d9.dll
0x00007ff94f950000 - 0x00007ff94fac6000 	C:\WINDOWS\SYSTEM32\aticfx64.dll
0x00007ff9421d0000 - 0x00007ff9421f1000 	C:\WINDOWS\SYSTEM32\atiu9p64.dll
0x00007ff9296e0000 - 0x00007ff929f5b000 	C:\WINDOWS\SYSTEM32\atiumd64.dll
0x0000000058ba0000 - 0x00000000594ed000 	C:\WINDOWS\SYSTEM32\atiumd6a.dll
0x0000000055560000 - 0x00000000555a7000 	C:\Program Files\Java\jdk1.8.0_65\jre\bin\fontmanager.dll

VM Arguments:
java_command: com.mycompany.opdracht1.processing.Main
java_class_path (initial): C:\Users\KevinPC\Documents\GitHub\Opdracht1-Processing\target\classes;C:\Users\KevinPC\.m2\repository\quil\processing-core\2.2.1\processing-core-2.2.1.jar;C:\Users\KevinPC\.m2\repository\com\googlecode\json-simple\json-simple\1.1.1\json-simple-1.1.1.jar;C:\Users\KevinPC\.m2\repository\junit\junit\4.10\junit-4.10.jar;C:\Users\KevinPC\.m2\repository\org\hamcrest\hamcrest-core\1.1\hamcrest-core-1.1.jar
Launcher Type: SUN_STANDARD

Environment Variables:
JAVA_HOME=C:\Program Files\Java\jdk1.8.0_65
PATH=C:\ProgramData\Oracle\Java\javapath;C:\Program Files (x86)\Microsoft Visual Studio 14.0\Common7\IDE\Extensions\Microsoft\Windows Azure Tools\Docker\;C:\Program Files (x86)\NVIDIA Corporation\PhysX\Common;C:\WINDOWS\system32;C:\WINDOWS;C:\WINDOWS\System32\Wbem;C:\WINDOWS\System32\WindowsPowerShell\v1.0\;C:\Program Files (x86)\ATI Technologies\ATI.ACE\Core-Static;C:\Program Files (x86)\AMD\ATI.ACE\Core-Static;C:\Users\KevinPC\.dnx\bin;C:\Program Files\Microsoft DNX\Dnvm\;C:\Program Files\Microsoft\Web Platform Installer\;C:\Android;C:\Windows\System32;C:\adb;C:\WINDOWS\system32;C:\WINDOWS;C:\WINDOWS\System32\Wbem;C:\WINDOWS\System32\WindowsPowerShell\v1.0\;C:\Program Files (x86)\Skype\Phone\;C:\HashiCorp\Vagrant\bin;C:\Program Files\Microsoft SQL Server\130\Tools\Binn\;C:\Program Files\nodejs\;C:\Program Files\Docker Toolbox;C:\ProgramData\chocolatey\bin;C:\packer;C:\Users\KevinPC\AppData\Roaming\npm
USERNAME=KevinPC
OS=Windows_NT
PROCESSOR_IDENTIFIER=Intel64 Family 6 Model 60 Stepping 3, GenuineIntel



---------------  S Y S T E M  ---------------

OS: Windows 10.0 , 64 bit Build 10586 (10.0.10586.0)

CPU:total 8 (4 cores per cpu, 2 threads per core) family 6 model 60 stepping 3, cmov, cx8, fxsr, mmx, sse, sse2, sse3, ssse3, sse4.1, sse4.2, popcnt, avx, avx2, aes, clmul, erms, lzcnt, ht, tsc, tscinvbit, bmi1, bmi2

Memory: 4k page, physical 16724588k(6545440k free), swap 20309504k(1176k free)

vm_info: Java HotSpot(TM) 64-Bit Server VM (25.65-b01) for windows-amd64 JRE (1.8.0_65-b17), built on Oct  6 2015 16:39:20 by "java_re" with MS VC++ 10.0 (VS2010)

time: Sun May 15 23:38:09 2016
elapsed time: 1521 seconds (0d 0h 25m 21s)

